[2025-12-10 15:41:00] INFO [root:55] - ================================================================================
[2025-12-10 15:41:00] INFO [root:56] - Логирование настроено. Файл: logs/app.log, Уровень: INFO
[2025-12-10 15:41:00] INFO [root:57] - ================================================================================
[2025-12-10 20:10:44] INFO [root:55] - ================================================================================
[2025-12-10 20:10:44] INFO [root:56] - Логирование настроено. Файл: logs/app.log, Уровень: INFO
[2025-12-10 20:10:44] INFO [root:57] - ================================================================================
[2025-12-10 20:10:44] INFO [app.main:41] - 🚀 Запуск приложения...
[2025-12-10 20:10:44] INFO [app.main:42] - 📊 Инициализация базы данных...
[2025-12-10 20:10:44] INFO [app.main:44] - ✅ Приложение успешно запущено
[2025-12-10 20:20:37] WARNING [app.problem_details:85] - Validation error: [{'type': 'value_error', 'loc': ('body', 'phone'), 'msg': 'Value error, Номер телефона должен быть в формате +7XXXXXXXXXX', 'input': '8988884848', 'ctx': {'error': ValueError('Номер телефона должен быть в формате +7XXXXXXXXXX')}, 'url': 'https://errors.pydantic.dev/2.5/v/value_error'}]
[2025-12-10 20:21:10] INFO [app.services.patient_service:48] - Попытка создания нового пациента: Тестов Тест Тестович
[2025-12-10 20:21:10] INFO [app.services.patient_service:75] - Пациент успешно создан с ID=16
[2025-12-10 20:21:10] INFO [app.controllers.patient_controller:36] - [API] Создан пациент ID=16
[2025-12-10 20:21:52] INFO [app.services.doctor_service:52] - Попытка создания нового врача: Смирнова Анна Ивановна
[2025-12-10 20:21:52] INFO [app.services.doctor_service:67] - Врач успешно создан с ID=9
[2025-12-10 20:21:52] INFO [app.controllers.doctor_controller:36] - [API] Создан врач ID=9
[2025-12-10 20:21:55] INFO [app.services.doctor_service:52] - Попытка создания нового врача: Смирнова Анна Ивановна
[2025-12-10 20:21:55] INFO [app.services.doctor_service:67] - Врач успешно создан с ID=10
[2025-12-10 20:21:55] INFO [app.controllers.doctor_controller:36] - [API] Создан врач ID=10
[2025-12-10 20:21:58] INFO [app.services.doctor_service:52] - Попытка создания нового врача: Смирнова Анна Ивановна
[2025-12-10 20:21:58] INFO [app.services.doctor_service:67] - Врач успешно создан с ID=11
[2025-12-10 20:21:58] INFO [app.controllers.doctor_controller:36] - [API] Создан врач ID=11
[2025-12-10 20:22:25] INFO [app.services.appointment_service:61] - Попытка создания приема: patient_id=16, doctor_id=11, дата=2025-12-15
[2025-12-10 20:22:25] INFO [app.services.appointment_service:133] - Прием успешно создан с ID=41
[2025-12-10 20:22:25] INFO [app.controllers.appointment_controller:39] - [API] Создан прием ID=41
[2025-12-10 20:23:51] INFO [app.services.doctor_service:81] - Получение врача с ID=11
[2025-12-10 20:34:37] INFO [app.main:49] - 🛑 Завершение работы приложения...
[2025-12-10 20:34:37] INFO [app.main:50] - ✅ Приложение остановлено
[2025-12-10 20:34:38] INFO [root:55] - ================================================================================
[2025-12-10 20:34:38] INFO [root:56] - Логирование настроено. Файл: logs/app.log, Уровень: INFO
[2025-12-10 20:34:38] INFO [root:57] - ================================================================================
[2025-12-10 20:34:38] INFO [app.main:41] - 🚀 Запуск приложения...
[2025-12-10 20:34:38] INFO [app.main:42] - 📊 Инициализация базы данных...
[2025-12-10 20:34:38] INFO [app.main:44] - ✅ Приложение успешно запущено
[2025-12-10 20:37:54] INFO [app.main:49] - 🛑 Завершение работы приложения...
[2025-12-10 20:37:54] INFO [app.main:50] - ✅ Приложение остановлено
[2025-12-10 20:37:54] INFO [root:55] - ================================================================================
[2025-12-10 20:37:54] INFO [root:56] - Логирование настроено. Файл: logs/app.log, Уровень: INFO
[2025-12-10 20:37:54] INFO [root:57] - ================================================================================
[2025-12-10 20:37:54] INFO [app.main:41] - 🚀 Запуск приложения...
[2025-12-10 20:37:54] INFO [app.main:42] - 📊 Инициализация базы данных...
[2025-12-10 20:37:54] INFO [app.main:44] - ✅ Приложение успешно запущено
[2025-12-10 20:38:32] INFO [app.main:49] - 🛑 Завершение работы приложения...
[2025-12-10 20:38:32] INFO [app.main:50] - ✅ Приложение остановлено
[2025-12-10 20:38:33] INFO [root:55] - ================================================================================
[2025-12-10 20:38:33] INFO [root:56] - Логирование настроено. Файл: logs/app.log, Уровень: INFO
[2025-12-10 20:38:33] INFO [root:57] - ================================================================================
[2025-12-10 20:38:33] INFO [app.main:41] - 🚀 Запуск приложения...
[2025-12-10 20:38:33] INFO [app.main:42] - 📊 Инициализация базы данных...
[2025-12-10 20:38:33] INFO [app.main:44] - ✅ Приложение успешно запущено
[2025-12-10 20:44:01] INFO [app.services.appointment_service:61] - Попытка создания приема: patient_id=11, doctor_id=16, дата=2025-12-15
[2025-12-10 20:44:01] WARNING [app.services.appointment_service:81] - Врач с ID=16 не найден
[2025-12-10 20:44:01] ERROR [app.controllers.appointment_controller:42] - [API] Ошибка создания приема: Врач с ID=16 не найден
[2025-12-10 20:44:08] INFO [app.services.appointment_service:61] - Попытка создания приема: patient_id=16, doctor_id=11, дата=2025-12-15
[2025-12-10 20:44:08] WARNING [app.services.appointment_service:224] - Пациент ID=16 уже записан к врачу ID=11 на 2025-12-15
[2025-12-10 20:44:08] ERROR [app.controllers.appointment_controller:42] - [API] Ошибка создания приема: Пациент уже записан к этому врачу на 2025-12-15
[2025-12-10 20:44:26] INFO [app.services.appointment_service:61] - Попытка создания приема: patient_id=16, doctor_id=11, дата=2025-12-15
[2025-12-10 20:44:26] WARNING [app.services.appointment_service:224] - Пациент ID=16 уже записан к врачу ID=11 на 2025-12-15
[2025-12-10 20:44:26] ERROR [app.controllers.appointment_controller:42] - [API] Ошибка создания приема: Пациент уже записан к этому врачу на 2025-12-15
[2025-12-10 20:44:51] INFO [app.services.appointment_service:61] - Попытка создания приема: patient_id=16, doctor_id=11, дата=2025-12-16
[2025-12-10 20:44:51] INFO [app.services.appointment_service:133] - Прием успешно создан с ID=42
[2025-12-10 20:44:51] INFO [app.controllers.appointment_controller:39] - [API] Создан прием ID=42
[2025-12-10 20:45:21] INFO [app.services.doctor_service:81] - Получение врача с ID=11
[2025-12-10 20:45:21] INFO [app.services.appointment_service:388] - Получение расписания врача ID=11 на дату 2025-12-10
[2025-12-10 20:45:21] INFO [app.services.appointment_service:397] - Найдено 0 записей
[2025-12-10 20:45:21] INFO [app.controllers.doctor_controller:134] - [API] Получено расписание врача ID=11 на 2025-12-10: 0 записей
[2025-12-10 20:45:31] INFO [app.services.doctor_service:81] - Получение врача с ID=11
[2025-12-10 20:45:31] INFO [app.services.appointment_service:388] - Получение расписания врача ID=11 на дату 2025-12-16
[2025-12-10 20:45:31] INFO [app.services.appointment_service:397] - Найдено 1 записей
[2025-12-10 20:45:31] INFO [app.controllers.doctor_controller:134] - [API] Получено расписание врача ID=11 на 2025-12-16: 1 записей
[2025-12-10 20:45:36] INFO [app.services.doctor_service:81] - Получение врача с ID=11
[2025-12-10 20:45:36] INFO [app.services.appointment_service:388] - Получение расписания врача ID=11 на дату 2025-12-15
[2025-12-10 20:45:36] INFO [app.services.appointment_service:397] - Найдено 1 записей
[2025-12-10 20:45:36] INFO [app.controllers.doctor_controller:134] - [API] Получено расписание врача ID=11 на 2025-12-15: 1 записей
[2025-12-10 20:47:42] INFO [app.services.appointment_service:61] - Попытка создания приема: patient_id=16, doctor_id=11, дата=2025-12-15
[2025-12-10 20:47:42] WARNING [app.services.appointment_service:224] - Пациент ID=16 уже записан к врачу ID=11 на 2025-12-15
[2025-12-10 20:47:42] ERROR [app.controllers.appointment_controller:42] - [API] Ошибка создания приема: Пациент уже записан к этому врачу на 2025-12-15
[2025-12-10 20:48:59] INFO [app.main:49] - 🛑 Завершение работы приложения...
[2025-12-10 20:48:59] INFO [app.main:50] - ✅ Приложение остановлено
[2025-12-10 20:48:59] INFO [root:55] - ================================================================================
[2025-12-10 20:48:59] INFO [root:56] - Логирование настроено. Файл: logs/app.log, Уровень: INFO
[2025-12-10 20:48:59] INFO [root:57] - ================================================================================
[2025-12-10 20:48:59] INFO [app.main:41] - 🚀 Запуск приложения...
[2025-12-10 20:48:59] INFO [app.main:42] - 📊 Инициализация базы данных...
[2025-12-10 20:48:59] INFO [app.main:44] - ✅ Приложение успешно запущено
[2025-12-10 22:03:46] WARNING [app.problem_details:85] - Validation error: [{'type': 'missing', 'loc': ('query', 'date'), 'msg': 'Field required', 'input': None, 'url': 'https://errors.pydantic.dev/2.5/v/missing'}]
[2025-12-10 22:03:54] WARNING [app.problem_details:85] - Validation error: [{'type': 'missing', 'loc': ('query', 'date'), 'msg': 'Field required', 'input': None, 'url': 'https://errors.pydantic.dev/2.5/v/missing'}]
[2025-12-10 22:03:55] WARNING [app.problem_details:85] - Validation error: [{'type': 'missing', 'loc': ('query', 'date'), 'msg': 'Field required', 'input': None, 'url': 'https://errors.pydantic.dev/2.5/v/missing'}]
[2025-12-10 22:04:08] INFO [app.services.doctor_service:81] - Получение врача с ID=11
[2025-12-10 22:04:08] INFO [app.services.appointment_service:388] - Получение расписания врача ID=11 на дату 2025-12-15
[2025-12-10 22:04:08] INFO [app.services.appointment_service:397] - Найдено 1 записей
[2025-12-10 22:04:08] INFO [app.controllers.doctor_controller:134] - [API] Получено расписание врача ID=11 на 2025-12-15: 1 записей
[2025-12-10 22:04:14] WARNING [app.problem_details:85] - Validation error: [{'type': 'missing', 'loc': ('query', 'date'), 'msg': 'Field required', 'input': None, 'url': 'https://errors.pydantic.dev/2.5/v/missing'}]
[2025-12-10 22:04:32] INFO [app.services.doctor_service:81] - Получение врача с ID=11
[2025-12-10 22:04:32] INFO [app.services.appointment_service:388] - Получение расписания врача ID=11 на дату 2025-12-15
[2025-12-10 22:04:32] INFO [app.services.appointment_service:397] - Найдено 1 записей
[2025-12-10 22:04:32] INFO [app.controllers.doctor_controller:134] - [API] Получено расписание врача ID=11 на 2025-12-15: 1 записей
[2025-12-10 22:04:46] INFO [app.services.appointment_service:61] - Попытка создания приема: patient_id=15, doctor_id=11, дата=2025-12-15
[2025-12-10 22:04:46] INFO [app.services.appointment_service:133] - Прием успешно создан с ID=43
[2025-12-10 22:04:46] INFO [app.controllers.appointment_controller:39] - [API] Создан прием ID=43
[2025-12-10 22:04:51] INFO [app.services.appointment_service:61] - Попытка создания приема: patient_id=14, doctor_id=11, дата=2025-12-15
[2025-12-10 22:04:51] WARNING [app.services.appointment_service:151] - Конфликт времени у врача ID=11 на 2025-12-15 15:00:00
[2025-12-10 22:04:51] ERROR [app.controllers.appointment_controller:42] - [API] Ошибка создания приема: У врача уже есть прием на 2025-12-15 в 15:00:00
[2025-12-10 22:04:58] INFO [app.services.appointment_service:61] - Попытка создания приема: patient_id=13, doctor_id=11, дата=2025-12-15
[2025-12-10 22:04:58] INFO [app.services.appointment_service:133] - Прием успешно создан с ID=44
[2025-12-10 22:04:58] INFO [app.controllers.appointment_controller:39] - [API] Создан прием ID=44
[2025-12-10 22:05:02] INFO [app.services.doctor_service:81] - Получение врача с ID=11
[2025-12-10 22:05:02] INFO [app.services.appointment_service:388] - Получение расписания врача ID=11 на дату 2025-12-15
[2025-12-10 22:05:02] INFO [app.services.appointment_service:397] - Найдено 3 записей
[2025-12-10 22:05:02] INFO [app.controllers.doctor_controller:134] - [API] Получено расписание врача ID=11 на 2025-12-15: 3 записей
[2025-12-10 22:05:47] INFO [app.services.appointment_service:233] - Получение приема с ID=43
[2025-12-10 22:06:28] WARNING [app.problem_details:85] - Validation error: [{'type': 'value_error', 'loc': ('body', 'status'), 'msg': 'Value error, Статус должен быть одним из: scheduled, completed, cancelled', 'input': 'string', 'ctx': {'error': ValueError('Статус должен быть одним из: scheduled, completed, cancelled')}, 'url': 'https://errors.pydantic.dev/2.5/v/value_error'}]
[2025-12-10 22:06:29] WARNING [app.problem_details:85] - Validation error: [{'type': 'value_error', 'loc': ('body', 'status'), 'msg': 'Value error, Статус должен быть одним из: scheduled, completed, cancelled', 'input': 'string', 'ctx': {'error': ValueError('Статус должен быть одним из: scheduled, completed, cancelled')}, 'url': 'https://errors.pydantic.dev/2.5/v/value_error'}]
[2025-12-10 22:06:35] INFO [app.services.appointment_service:233] - Получение приема с ID=43
[2025-12-10 22:06:41] INFO [app.services.appointment_service:233] - Получение приема с ID=43
[2025-12-10 22:06:42] INFO [app.services.appointment_service:233] - Получение приема с ID=43
[2025-12-10 22:06:55] INFO [app.services.appointment_service:290] - Обновление приема ID=43
[2025-12-10 22:06:55] INFO [app.services.appointment_service:233] - Получение приема с ID=43
[2025-12-10 22:06:55] WARNING [app.services.appointment_service:306] - Попытка завершить будущий прием ID=43
[2025-12-10 22:06:55] ERROR [app.controllers.appointment_controller:115] - [API] Ошибка обновления приема: Прием можно завершить только в день его проведения или позже
[2025-12-10 22:07:03] INFO [app.services.appointment_service:290] - Обновление приема ID=43
[2025-12-10 22:07:03] INFO [app.services.appointment_service:233] - Получение приема с ID=43
[2025-12-10 22:07:03] WARNING [app.services.appointment_service:306] - Попытка завершить будущий прием ID=43
[2025-12-10 22:07:03] ERROR [app.controllers.appointment_controller:115] - [API] Ошибка обновления приема: Прием можно завершить только в день его проведения или позже
[2025-12-10 22:07:11] INFO [app.services.appointment_service:290] - Обновление приема ID=43
[2025-12-10 22:07:11] INFO [app.services.appointment_service:233] - Получение приема с ID=43
[2025-12-10 22:07:11] WARNING [app.services.appointment_service:306] - Попытка завершить будущий прием ID=43
[2025-12-10 22:07:11] ERROR [app.controllers.appointment_controller:115] - [API] Ошибка обновления приема: Прием можно завершить только в день его проведения или позже
[2025-12-10 22:07:45] INFO [app.services.appointment_service:290] - Обновление приема ID=43
[2025-12-10 22:07:45] INFO [app.services.appointment_service:233] - Получение приема с ID=43
[2025-12-10 22:07:45] WARNING [app.services.appointment_service:306] - Попытка завершить будущий прием ID=43
[2025-12-10 22:07:45] ERROR [app.controllers.appointment_controller:115] - [API] Ошибка обновления приема: Прием можно завершить только в день его проведения или позже
[2025-12-10 22:08:20] INFO [app.services.appointment_service:290] - Обновление приема ID=43
[2025-12-10 22:08:20] INFO [app.services.appointment_service:233] - Получение приема с ID=43
[2025-12-10 22:08:20] WARNING [app.services.appointment_service:306] - Попытка завершить будущий прием ID=43
[2025-12-10 22:08:20] ERROR [app.controllers.appointment_controller:115] - [API] Ошибка обновления приема: Прием можно завершить только в день его проведения или позже
[2025-12-10 22:11:22] WARNING [app.problem_details:85] - Validation error: [{'type': 'value_error', 'loc': ('body', 'status'), 'msg': 'Value error, Статус должен быть одним из: scheduled, completed, cancelled', 'input': 'string', 'ctx': {'error': ValueError('Статус должен быть одним из: scheduled, completed, cancelled')}, 'url': 'https://errors.pydantic.dev/2.5/v/value_error'}]
[2025-12-10 22:11:42] INFO [app.services.appointment_service:290] - Обновление приема ID=43
[2025-12-10 22:11:42] INFO [app.services.appointment_service:233] - Получение приема с ID=43
[2025-12-10 22:11:42] INFO [app.services.appointment_service:325] - Прием ID=43 успешно обновлен
[2025-12-10 22:11:42] INFO [app.controllers.appointment_controller:112] - [API] Обновлен прием ID=43
[2025-12-10 22:11:54] INFO [app.services.doctor_service:81] - Получение врача с ID=11
[2025-12-10 22:11:54] INFO [app.services.appointment_service:388] - Получение расписания врача ID=11 на дату 2025-12-10
[2025-12-10 22:11:54] INFO [app.services.appointment_service:397] - Найдено 1 записей
[2025-12-10 22:11:54] INFO [app.controllers.doctor_controller:134] - [API] Получено расписание врача ID=11 на 2025-12-10: 1 записей
[2025-12-10 22:12:28] INFO [app.services.appointment_service:290] - Обновление приема ID=43
[2025-12-10 22:12:28] INFO [app.services.appointment_service:233] - Получение приема с ID=43
[2025-12-10 22:12:28] INFO [app.services.appointment_service:325] - Прием ID=43 успешно обновлен
[2025-12-10 22:12:28] INFO [app.controllers.appointment_controller:112] - [API] Обновлен прием ID=43
[2025-12-10 22:12:32] INFO [app.services.doctor_service:81] - Получение врача с ID=11
[2025-12-10 22:12:32] INFO [app.services.appointment_service:388] - Получение расписания врача ID=11 на дату 2025-12-10
[2025-12-10 22:12:32] INFO [app.services.appointment_service:397] - Найдено 1 записей
[2025-12-10 22:12:32] INFO [app.controllers.doctor_controller:134] - [API] Получено расписание врача ID=11 на 2025-12-10: 1 записей
[2025-12-10 22:13:01] INFO [app.services.patient_service:89] - Получение пациента с ID=15
[2025-12-10 22:15:07] INFO [app.main:49] - 🛑 Завершение работы приложения...
[2025-12-10 22:15:07] INFO [app.main:50] - ✅ Приложение остановлено
[2025-12-10 22:15:08] INFO [root:55] - ================================================================================
[2025-12-10 22:15:08] INFO [root:56] - Логирование настроено. Файл: logs/app.log, Уровень: INFO
[2025-12-10 22:15:08] INFO [root:57] - ================================================================================
[2025-12-10 22:15:08] INFO [app.main:41] - 🚀 Запуск приложения...
[2025-12-10 22:15:08] INFO [app.main:42] - 📊 Инициализация базы данных...
[2025-12-10 22:15:08] INFO [app.main:44] - ✅ Приложение успешно запущено
[2025-12-10 22:15:13] INFO [app.main:49] - 🛑 Завершение работы приложения...
[2025-12-10 22:15:13] INFO [app.main:50] - ✅ Приложение остановлено
[2025-12-10 22:15:13] INFO [root:55] - ================================================================================
[2025-12-10 22:15:13] INFO [root:56] - Логирование настроено. Файл: logs/app.log, Уровень: INFO
[2025-12-10 22:15:13] INFO [root:57] - ================================================================================
[2025-12-10 22:15:13] INFO [app.main:41] - 🚀 Запуск приложения...
[2025-12-10 22:15:13] INFO [app.main:42] - 📊 Инициализация базы данных...
[2025-12-10 22:15:13] INFO [app.main:44] - ✅ Приложение успешно запущено
[2025-12-10 22:15:22] INFO [app.main:49] - 🛑 Завершение работы приложения...
[2025-12-10 22:15:22] INFO [app.main:50] - ✅ Приложение остановлено
[2025-12-10 22:15:23] INFO [root:55] - ================================================================================
[2025-12-10 22:15:23] INFO [root:56] - Логирование настроено. Файл: logs/app.log, Уровень: INFO
[2025-12-10 22:15:23] INFO [root:57] - ================================================================================
[2025-12-10 22:15:23] INFO [app.main:41] - 🚀 Запуск приложения...
[2025-12-10 22:15:23] INFO [app.main:42] - 📊 Инициализация базы данных...
[2025-12-10 22:15:23] INFO [app.main:44] - ✅ Приложение успешно запущено
[2025-12-10 22:15:33] INFO [app.main:49] - 🛑 Завершение работы приложения...
[2025-12-10 22:15:33] INFO [app.main:50] - ✅ Приложение остановлено
[2025-12-10 22:15:33] INFO [root:55] - ================================================================================
[2025-12-10 22:15:33] INFO [root:56] - Логирование настроено. Файл: logs/app.log, Уровень: INFO
[2025-12-10 22:15:33] INFO [root:57] - ================================================================================
[2025-12-10 22:15:33] INFO [app.main:41] - 🚀 Запуск приложения...
[2025-12-10 22:15:33] INFO [app.main:42] - 📊 Инициализация базы данных...
[2025-12-10 22:15:33] INFO [app.main:44] - ✅ Приложение успешно запущено
[2025-12-10 22:15:56] INFO [app.main:49] - 🛑 Завершение работы приложения...
[2025-12-10 22:15:56] INFO [app.main:50] - ✅ Приложение остановлено
[2025-12-10 22:15:57] INFO [root:55] - ================================================================================
[2025-12-10 22:15:57] INFO [root:56] - Логирование настроено. Файл: logs/app.log, Уровень: INFO
[2025-12-10 22:15:57] INFO [root:57] - ================================================================================
[2025-12-10 22:15:57] INFO [app.main:41] - 🚀 Запуск приложения...
[2025-12-10 22:15:57] INFO [app.main:42] - 📊 Инициализация базы данных...
[2025-12-10 22:15:57] INFO [app.main:44] - ✅ Приложение успешно запущено
[2025-12-11 13:26:25] INFO [app.main:49] - 🛑 Завершение работы приложения...
[2025-12-11 13:26:25] INFO [app.main:50] - ✅ Приложение остановлено
[2025-12-11 23:55:11] INFO [root:55] - ================================================================================
[2025-12-11 23:55:11] INFO [root:56] - Логирование настроено. Файл: logs/app.log, Уровень: INFO
[2025-12-11 23:55:11] INFO [root:57] - ================================================================================
[2025-12-11 23:55:11] INFO [app.main:41] - 🚀 Запуск приложения...
[2025-12-11 23:55:11] INFO [app.main:42] - 📊 Инициализация базы данных...
[2025-12-11 23:55:11] INFO [app.main:44] - ✅ Приложение успешно запущено
[2025-12-12 13:52:15] INFO [app.main:49] - 🛑 Завершение работы приложения...
[2025-12-12 13:52:15] INFO [app.main:50] - ✅ Приложение остановлено
[2025-12-12 13:52:16] INFO [root:55] - ================================================================================
[2025-12-12 13:52:16] INFO [root:56] - Логирование настроено. Файл: logs/app.log, Уровень: INFO
[2025-12-12 13:52:16] INFO [root:57] - ================================================================================
[2025-12-12 13:52:16] INFO [app.main:41] - 🚀 Запуск приложения...
[2025-12-12 13:52:16] INFO [app.main:42] - 📊 Инициализация базы данных...
[2025-12-12 13:52:16] INFO [app.main:44] - ✅ Приложение успешно запущено
[2025-12-12 13:52:49] INFO [app.main:49] - 🛑 Завершение работы приложения...
[2025-12-12 13:52:49] INFO [app.main:50] - ✅ Приложение остановлено
[2025-12-12 13:52:49] INFO [root:55] - ================================================================================
[2025-12-12 13:52:49] INFO [root:56] - Логирование настроено. Файл: logs/app.log, Уровень: INFO
[2025-12-12 13:52:49] INFO [root:57] - ================================================================================
[2025-12-12 13:52:49] INFO [app.main:41] - 🚀 Запуск приложения...
[2025-12-12 13:52:49] INFO [app.main:42] - 📊 Инициализация базы данных...
[2025-12-12 13:52:49] INFO [app.main:44] - ✅ Приложение успешно запущено
[2025-12-12 13:57:34] INFO [app.services.patient_service:89] - Получение пациента с ID=9999
[2025-12-12 13:57:34] WARNING [app.services.patient_service:94] - Пациент с ID=9999 не найден
[2025-12-12 13:58:33] WARNING [app.problem_details:85] - Validation error: [{'type': 'missing', 'loc': ('body', 'fio'), 'msg': 'Field required', 'input': {}}, {'type': 'missing', 'loc': ('body', 'birth_date'), 'msg': 'Field required', 'input': {}}, {'type': 'missing', 'loc': ('body', 'phone'), 'msg': 'Field required', 'input': {}}, {'type': 'missing', 'loc': ('body', 'address'), 'msg': 'Field required', 'input': {}}, {'type': 'missing', 'loc': ('body', 'insurance_number'), 'msg': 'Field required', 'input': {}}]
[2025-12-12 20:22:36] INFO [app.main:49] - 🛑 Завершение работы приложения...
[2025-12-12 20:22:36] INFO [app.main:50] - ✅ Приложение остановлено
[2025-12-12 20:22:37] INFO [root:55] - ================================================================================
[2025-12-12 20:22:37] INFO [root:56] - Логирование настроено. Файл: logs/app.log, Уровень: INFO
[2025-12-12 20:22:37] INFO [root:57] - ================================================================================
[2025-12-12 20:22:37] INFO [app.main:41] - 🚀 Запуск приложения...
[2025-12-12 20:22:37] INFO [app.main:42] - 📊 Инициализация базы данных...
[2025-12-12 20:22:37] INFO [app.main:44] - ✅ Приложение успешно запущено
